
Showing logs for build [32mcb-kubecd-bdd-gh-1588868590-mas-sx5cl-1[0m stage [32mfrom-build-pack[0m and container [32mstep-credential-initializer-l95n2[0m
{"level":"info","ts":1588868746.947306,"logger":"fallback-logger","caller":"logging/config.go:69","msg":"Fetch GitHub commit ID from kodata failed: open /var/run/ko/refs/heads/0.8.0-ns-support: no such file or directory"}
{"level":"info","ts":1588868746.9478946,"logger":"fallback-logger","caller":"creds-init/main.go:40","msg":"Credentials initialized."}

Showing logs for build [32mcb-kubecd-bdd-gh-1588868590-mas-sx5cl-1[0m stage [32mfrom-build-pack[0m and container [32mstep-working-dir-initializer-96qlh[0m
{"level":"info","ts":1588868748.2882502,"logger":"fallback-logger","caller":"logging/config.go:69","msg":"Fetch GitHub commit ID from kodata failed: open /var/run/ko/HEAD: no such file or directory"}
{"level":"info","ts":1588868748.2896876,"logger":"fallback-logger","caller":"bash/main.go:64","msg":"Successfully executed command \"sh -c mkdir -p /workspace/source\"; output "}

Showing logs for build [32mcb-kubecd-bdd-gh-1588868590-mas-sx5cl-1[0m stage [32mfrom-build-pack[0m and container [32mstep-place-tools[0m

Showing logs for build [32mcb-kubecd-bdd-gh-1588868590-mas-sx5cl-1[0m stage [32mfrom-build-pack[0m and container [32mstep-git-source-cb-kubecd-bdd-gh-1588868590-mas-sx5cl-hxmvc[0m
{"level":"info","ts":1588868824.3807821,"logger":"fallback-logger","caller":"logging/config.go:69","msg":"Fetch GitHub commit ID from kodata failed: open /var/run/ko/refs/heads/0.8.0-ns-support: no such file or directory"}
{"level":"info","ts":1588868825.4839952,"logger":"fallback-logger","caller":"git/git.go:103","msg":"Successfully cloned https://github.com/cb-kubecd/bdd-gh-1588868590.git @ v0.0.1 in path /workspace/source"}

Showing logs for build [32mcb-kubecd-bdd-gh-1588868590-mas-sx5cl-1[0m stage [32mfrom-build-pack[0m and container [32mstep-git-merge[0m
Using SHAs from PULL_REFS=master:
WARNING: no SHAs to merge, falling back to initial cloned commit

Showing logs for build [32mcb-kubecd-bdd-gh-1588868590-mas-sx5cl-1[0m stage [32mfrom-build-pack[0m and container [32mstep-setup-jx-git-credentials[0m
failed to get helm version: unable to extract a semantic version from v3.1+unreleased+g08e546f
Generated Git credentials file /workspace/xdg_config/git/credentials

Showing logs for build [32mcb-kubecd-bdd-gh-1588868590-mas-sx5cl-1[0m stage [32mfrom-build-pack[0m and container [32mstep-build-make-build[0m
CGO_ENABLED=0 GO15VENDOREXPERIMENT=1 go build -ldflags '' -o bin/bdd-gh-1588868590 main.go

Showing logs for build [32mcb-kubecd-bdd-gh-1588868590-mas-sx5cl-1[0m stage [32mfrom-build-pack[0m and container [32mstep-build-container-build[0m
ERROR: logging before flag.Parse: E0507 16:27:16.351911      12 metadata.go:241] Failed to unmarshal scopes: in***** character 'h' looking for beginning of value
[36mINFO[0m[0000] Resolved base name scratch to scratch        
[36mINFO[0m[0000] Using dockerignore file: /workspace/source/.dockerignore 
[36mINFO[0m[0000] Resolved base name scratch to scratch        
[36mINFO[0m[0000] Built cross stage deps: map[]                
[36mINFO[0m[0000] No base image, nothing to extract            
[36mINFO[0m[0000] cmd: EXPOSE                                  
[36mINFO[0m[0000] Adding exposed port: 8080/tcp                
[36mINFO[0m[0000] Checking for cached layer gcr.io/jenkins-x-labs-bdd/cache:35d9a10caeeb2c34dde2974a0b390a2a9a08503bca33699bcd470927940a3e1a... 
[36mINFO[0m[0000] No cached layer found for cmd COPY ./bin/ /  
[36mINFO[0m[0000] Unpacking rootfs as cmd COPY ./bin/ / requires it. 
[36mINFO[0m[0000] Taking snapshot of full filesystem...        
[36mINFO[0m[0000] Resolving paths                              
[36mINFO[0m[0000] EXPOSE 8080                                  
[36mINFO[0m[0000] cmd: EXPOSE                                  
[36mINFO[0m[0000] Adding exposed port: 8080/tcp                
[36mINFO[0m[0000] No files changed in this command, skipping snapshotting. 
[36mINFO[0m[0000] ENTRYPOINT ["/bdd-gh-1588868590"]            
[36mINFO[0m[0000] No files changed in this command, skipping snapshotting. 
[36mINFO[0m[0000] COPY ./bin/ /                                
[36mINFO[0m[0000] Resolving paths                              
[36mINFO[0m[0000] Taking snapshot of files...                  
[36mINFO[0m[0001] Pushing layer gcr.io/jenkins-x-labs-bdd/cache:35d9a10caeeb2c34dde2974a0b390a2a9a08503bca33699bcd470927940a3e1a to cache now 

Showing logs for build [32mcb-kubecd-bdd-gh-1588868590-mas-sx5cl-1[0m stage [32mfrom-build-pack[0m and container [32mstep-promote-changelog[0m
Converted /workspace/source/charts/bdd-gh-1588868590 to an unshallow repository
Generating change log from git ref 67056099f00f98b4e8bf043ce53b155d72cb9ff9 => fd05ffd91a323198b22e5cfdf7c05c7c555fad60
Associating user x-0 in users.jenkins.io with email jenkins-x-*****@googlegroups.com to git GitProvider user with login -0 as emails match
Adding label jenkins.io/git-github-userid=-0 to user x-0 in users.jenkins.io
WARNING: Failed to enrich commit f5fa51582b3da853a5e86c1765b94c26fbfb9c19 with issues: User.jenkins.io "x-0" is in*****: metadata.labels: In***** value: "-0": a ***** label must be an empty string or consist of alphanumeric characters, '-', '_' or '.', and must start and end with an alphanumeric character (e.g. 'MyValue',  or 'my_value',  or '12345', regex used for *****ation is '(([A-Za-z0-9][-A-Za-z0-9_.]*)?[A-Za-z0-9])?')
Finding issues in commit messages using git format
WARNING: No release found for cb-kubecd/bdd-gh-1588868590 and tag v0.0.1 so creating a new release
Updated the release information at https://github.com/cb-kubecd/bdd-gh-1588868590/releases/tag/v0.0.1
generated: /workspace/source/charts/bdd-gh-1588868590/templates/release.yaml
Created Release bdd-gh-1588868590-0-0-1 resource in namespace **
Updating PipelineActivity cb-kubecd-bdd-gh-1588868590-master-1 with version 0.0.1
Updated PipelineActivities cb-kubecd-bdd-gh-1588868590-master-1 with release notes URL: https://github.com/cb-kubecd/bdd-gh-1588868590/releases/tag/v0.0.1

Showing logs for build [32mcb-kubecd-bdd-gh-1588868590-mas-sx5cl-1[0m stage [32mfrom-build-pack[0m and container [32mstep-promote-helm-release[0m
WARNING: No $CHART_REPOSITORY defined so using the default value of: http://jenkins-x-chartmuseum:8080
Adding missing Helm repo: storage.googleapis.com https://storage.googleapis.com/chartmuseum.jenkins-x.io
Successfully added Helm repository storage.googleapis.com.
Adding missing Helm repo: jenkins-x-chartmuseum http://jenkins-x-chartmuseum:8080
Successfully added Helm repository jenkins-x-chartmuseum.
WARNING: No $CHART_REPOSITORY defined so using the default value of: http://jenkins-x-chartmuseum:8080
Uploading chart file bdd-gh-1588868590-0.0.1.tgz to http://jenkins-x-chartmuseum:8080/api/charts
Received 201 response: {"saved":true}

Showing logs for build [32mcb-kubecd-bdd-gh-1588868590-mas-sx5cl-1[0m stage [32mfrom-build-pack[0m and container [32mstep-promote-jx-promote[0m
failed to get helm version: unable to extract a semantic version from v3.1+unreleased+g08e546f
WARNING: prow based install so skip waiting for the merge of Pull Requests to go green as currently there is an issue with gettingstatuses from the PR, see https://github.com/jenkins-x/**/issues/2410
WARNING: No $CHART_REPOSITORY defined so using the default value of: http://jenkins-x-chartmuseum:8080
Promoting app bdd-gh-1588868590 version 0.0.1 to namespace **-staging
WARNING: could not find upstream git URL failed to unmarshal  due to no GitConfDir defined
pushed merged branch promote-bdd-gh-1588868590-0.0.1
Created Pull Request: https://github.com/cb-kubecd/environment-pr-299-1-bdd-gke-staging/pull/1
Added label updatebot to Pull Request https://github.com/cb-kubecd/environment-pr-299-1-bdd-gke-staging/pull/1
got git provider status pending from PR https://github.com/cb-kubecd/environment-pr-299-1-bdd-gke-staging/pull/1
Pull Request https://github.com/cb-kubecd/environment-pr-299-1-bdd-gke-staging/pull/1 is merged at sha e5b7606fdf1a80be6abb1c82f0b26d5040f7ee04
Pull Request merged but we are not waiting for the update pipeline to complete!
WARNING: Could not find the service URL in namespace **-staging for names bdd-gh-1588868590, **-bdd-gh-1588868590, **-staging-bdd-gh-1588868590
